2019-04-19 08:31:31,275 ERROR [localhost-startStop-1] org.apache.catalina.core.ContainerBase.[Tomcat].[localhost].[/inmemory]: Exception sending context initialized event to listener instance of class com.sun.xml.ws.transport.http.servlet.WSServletContextListener
com.sun.xml.ws.transport.http.servlet.WSServletException: WSSERVLET11: failed to parse runtime descriptor: java.lang.NoClassDefFoundError: javax/jws/WebService
	at com.sun.xml.ws.transport.http.servlet.WSServletContextListener.contextInitialized(WSServletContextListener.java:118)
	at org.apache.catalina.core.StandardContext.listenerStart(StandardContext.java:4797)
	at org.apache.catalina.core.StandardContext.startInternal(StandardContext.java:5291)
	at org.apache.catalina.util.LifecycleBase.start(LifecycleBase.java:150)
	at org.apache.catalina.core.ContainerBase$StartChild.call(ContainerBase.java:1559)
	at org.apache.catalina.core.ContainerBase$StartChild.call(ContainerBase.java:1549)
	at java.base/java.util.concurrent.FutureTask.run(FutureTask.java:264)
	at java.base/java.util.concurrent.ThreadPoolExecutor.runWorker(ThreadPoolExecutor.java:1128)
	at java.base/java.util.concurrent.ThreadPoolExecutor$Worker.run(ThreadPoolExecutor.java:628)
	at java.base/java.lang.Thread.run(Thread.java:834)
Caused by: java.lang.NoClassDefFoundError: javax/jws/WebService
	at com.sun.xml.ws.server.EndpointFactory.verifyImplementorClass(EndpointFactory.java:286)
	at com.sun.xml.ws.transport.http.DeploymentDescriptorParser.parseAdapters(DeploymentDescriptorParser.java:224)
	at com.sun.xml.ws.transport.http.DeploymentDescriptorParser.parse(DeploymentDescriptorParser.java:147)
	at com.sun.xml.ws.transport.http.servlet.WSServletContextListener.contextInitialized(WSServletContextListener.java:108)
	... 9 more
Caused by: java.lang.ClassNotFoundException: javax.jws.WebService
	at java.base/jdk.internal.loader.BuiltinClassLoader.loadClass(BuiltinClassLoader.java:583)
	at java.base/jdk.internal.loader.ClassLoaders$AppClassLoader.loadClass(ClassLoaders.java:178)
	at java.base/java.lang.ClassLoader.loadClass(ClassLoader.java:521)
	... 13 more
2019-04-19 08:31:31,277 ERROR [localhost-startStop-1] org.apache.catalina.core.StandardContext: Error listenerStart
2019-04-19 08:31:31,292 ERROR [localhost-startStop-1] org.apache.catalina.core.StandardContext: Context [/inmemory] startup failed due to previous errors
2019-04-21 12:18:12,375 ERROR [localhost-startStop-1] org.apache.catalina.core.ContainerBase.[Tomcat].[localhost].[/inmemory]: Exception sending context initialized event to listener instance of class com.sun.xml.ws.transport.http.servlet.WSServletContextListener
com.sun.xml.ws.transport.http.servlet.WSServletException: WSSERVLET11: failed to parse runtime descriptor: java.lang.NoClassDefFoundError: javax/jws/WebService
	at com.sun.xml.ws.transport.http.servlet.WSServletContextListener.contextInitialized(WSServletContextListener.java:118)
	at org.apache.catalina.core.StandardContext.listenerStart(StandardContext.java:4797)
	at org.apache.catalina.core.StandardContext.startInternal(StandardContext.java:5291)
	at org.apache.catalina.util.LifecycleBase.start(LifecycleBase.java:150)
	at org.apache.catalina.core.ContainerBase$StartChild.call(ContainerBase.java:1559)
	at org.apache.catalina.core.ContainerBase$StartChild.call(ContainerBase.java:1549)
	at java.base/java.util.concurrent.FutureTask.run(FutureTask.java:264)
	at java.base/java.util.concurrent.ThreadPoolExecutor.runWorker(ThreadPoolExecutor.java:1128)
	at java.base/java.util.concurrent.ThreadPoolExecutor$Worker.run(ThreadPoolExecutor.java:628)
	at java.base/java.lang.Thread.run(Thread.java:834)
Caused by: java.lang.NoClassDefFoundError: javax/jws/WebService
	at com.sun.xml.ws.server.EndpointFactory.verifyImplementorClass(EndpointFactory.java:286)
	at com.sun.xml.ws.transport.http.DeploymentDescriptorParser.parseAdapters(DeploymentDescriptorParser.java:224)
	at com.sun.xml.ws.transport.http.DeploymentDescriptorParser.parse(DeploymentDescriptorParser.java:147)
	at com.sun.xml.ws.transport.http.servlet.WSServletContextListener.contextInitialized(WSServletContextListener.java:108)
	... 9 more
Caused by: java.lang.ClassNotFoundException: javax.jws.WebService
	at java.base/jdk.internal.loader.BuiltinClassLoader.loadClass(BuiltinClassLoader.java:583)
	at java.base/jdk.internal.loader.ClassLoaders$AppClassLoader.loadClass(ClassLoaders.java:178)
	at java.base/java.lang.ClassLoader.loadClass(ClassLoader.java:521)
	... 13 more
2019-04-21 12:18:12,377 ERROR [localhost-startStop-1] org.apache.catalina.core.StandardContext: Error listenerStart
2019-04-21 12:18:12,409 ERROR [localhost-startStop-1] org.apache.catalina.core.StandardContext: Context [/inmemory] startup failed due to previous errors
